<?xml version="1.0" encoding="UTF-8"?>
<!-- Generated by org.testng.reporters.JUnitReportReporter -->
<testsuite hostname="DESKTOP-NRLQRJU" failures="0" tests="3" name="Pack.DataProvider1" time="0.019" errors="0" timestamp="2024-02-13T16:39:42 IST" skipped="0">
  <testcase classname="Pack.DataProvider1" name="testCase" time="0.011"/>
  <testcase classname="Pack.DataProvider1" name="testCase" time="0.006"/>
  <testcase classname="Pack.DataProvider1" name="testCase" time="0.002"/>
</testsuite> <!-- Pack.DataProvider1 -->
