<?xml version="1.0" encoding="UTF-8"?>
<!-- Generated by org.testng.reporters.JUnitReportReporter -->
<testsuite hostname="DESKTOP-NRLQRJU" failures="0" tests="4" name="Pack.DataProviderWithExcel" time="0.032" errors="0" timestamp="2024-02-13T16:38:13 IST" skipped="0">
  <testcase classname="Pack.DataProviderWithExcel" name="testCase" time="0.005"/>
  <testcase classname="Pack.DataProviderWithExcel" name="testCase" time="0.012"/>
  <testcase classname="Pack.DataProviderWithExcel" name="testCase" time="0.012"/>
  <testcase classname="Pack.DataProviderWithExcel" name="testCase" time="0.003"/>
</testsuite> <!-- Pack.DataProviderWithExcel -->
